апр. 26, 2025 1:49:16 AM castle.NeutralCastle siegeTurn
INFO: Вы уничтожили охранника нейтрального замка: Копейщик
апр. 26, 2025 1:49:17 AM castle.NeutralCastle siegeTurn
INFO: Вы уничтожили охранника нейтрального замка: Копейщик
апр. 26, 2025 1:49:17 AM castle.NeutralCastle siegeTurn
INFO: Вы уничтожили охранника нейтрального замка: Арбалетчик
апр. 26, 2025 1:49:17 AM castle.NeutralCastle capture
INFO: Вы захватили нейтральный замок!
апр. 26, 2025 3:02:21 AM castle.NeutralCastle siegeTurn
INFO: Вы уничтожили охранника нейтрального замка: Мечник
апр. 26, 2025 3:02:21 AM castle.NeutralCastle siegeTurn
INFO: Вы уничтожили охранника нейтрального замка: Арбалетчик
апр. 26, 2025 3:02:21 AM castle.NeutralCastle siegeTurn
INFO: Вы уничтожили охранника нейтрального замка: Мечник
апр. 26, 2025 3:02:21 AM castle.NeutralCastle siegeTurn
INFO: Вы уничтожили охранника нейтрального замка: Мечник
апр. 26, 2025 3:02:21 AM castle.NeutralCastle siegeTurn
INFO: Охрана нейтрального замка полностью уничтожена!
апр. 26, 2025 3:02:21 AM castle.NeutralCastle siegeTurn
INFO: Вы уничтожили охранника нейтрального замка: Арбалетчик
апр. 26, 2025 3:02:21 AM castle.NeutralCastle siegeTurn
INFO: Вы уничтожили охранника нейтрального замка: Арбалетчик
апр. 26, 2025 3:02:21 AM castle.NeutralCastle siegeTurn
INFO: Вы уничтожили охранника нейтрального замка: Мечник
апр. 26, 2025 3:02:21 AM castle.NeutralCastle siegeTurn
INFO: Вы уничтожили охранника нейтрального замка: Копейщик
апр. 26, 2025 3:02:21 AM castle.NeutralCastle siegeTurn
INFO: Вы уничтожили охранника нейтрального замка: Арбалетчик
апр. 26, 2025 3:02:21 AM castle.NeutralCastle capture
INFO: Вы захватили нейтральный замок!
мая 16, 2025 11:59:57 PM castle.NeutralCastle siegeTurn
INFO: Вы уничтожили охранника нейтрального замка: Копейщик
мая 17, 2025 12:00:00 AM castle.NeutralCastle siegeTurn
INFO: Вы уничтожили охранника нейтрального замка: Мечник
мая 17, 2025 12:00:04 AM castle.NeutralCastle siegeTurn
INFO: Вы уничтожили охранника нейтрального замка: Мечник
мая 17, 2025 12:00:04 AM castle.NeutralCastle capture
INFO: Вы захватили нейтральный замок!
мая 17, 2025 12:18:00 AM castle.NeutralCastle siegeTurn
INFO: Вы уничтожили охранника нейтрального замка: Мечник
мая 17, 2025 12:18:01 AM castle.NeutralCastle siegeTurn
INFO: Вы уничтожили охранника нейтрального замка: Арбалетчик
мая 17, 2025 12:18:01 AM castle.NeutralCastle siegeTurn
INFO: Вы уничтожили охранника нейтрального замка: Арбалетчик
мая 17, 2025 12:18:02 AM castle.NeutralCastle siegeTurn
INFO: Вы уничтожили охранника нейтрального замка: Арбалетчик
мая 17, 2025 12:18:03 AM castle.NeutralCastle siegeTurn
INFO: Вы уничтожили охранника нейтрального замка: Арбалетчик
мая 17, 2025 12:18:03 AM castle.NeutralCastle capture
INFO: Вы захватили нейтральный замок!
мая 17, 2025 4:16:38 AM castle.NeutralCastle siegeTurn
INFO: Вы уничтожили охранника нейтрального замка: Копейщик
мая 17, 2025 4:16:40 AM castle.NeutralCastle siegeTurn
INFO: Вы уничтожили охранника нейтрального замка: Арбалетчик
мая 17, 2025 4:16:40 AM castle.NeutralCastle siegeTurn
INFO: Вы уничтожили охранника нейтрального замка: Мечник
мая 17, 2025 4:16:41 AM castle.NeutralCastle siegeTurn
INFO: Вы уничтожили охранника нейтрального замка: Арбалетчик
мая 17, 2025 4:16:41 AM castle.NeutralCastle siegeTurn
INFO: Вы уничтожили охранника нейтрального замка: Арбалетчик
мая 17, 2025 4:16:41 AM castle.NeutralCastle capture
INFO: Вы захватили нейтральный замок!
мая 17, 2025 5:19:48 AM castle.NeutralCastle siegeTurn
INFO: Вы уничтожили охранника нейтрального замка: Копейщик
мая 17, 2025 5:19:48 AM castle.NeutralCastle siegeTurn
INFO: Вы уничтожили охранника нейтрального замка: Арбалетчик
мая 17, 2025 5:19:48 AM castle.NeutralCastle siegeTurn
INFO: Вы уничтожили охранника нейтрального замка: Копейщик
мая 17, 2025 5:19:48 AM castle.NeutralCastle siegeTurn
INFO: Вы уничтожили охранника нейтрального замка: Арбалетчик
мая 17, 2025 5:19:48 AM castle.NeutralCastle siegeTurn
INFO: Охрана нейтрального замка полностью уничтожена!
мая 17, 2025 5:19:48 AM castle.NeutralCastle siegeTurn
INFO: Вы уничтожили охранника нейтрального замка: Копейщик
мая 17, 2025 5:19:48 AM castle.NeutralCastle siegeTurn
INFO: Вы уничтожили охранника нейтрального замка: Арбалетчик
мая 17, 2025 5:19:48 AM castle.NeutralCastle siegeTurn
INFO: Вы уничтожили охранника нейтрального замка: Арбалетчик
мая 17, 2025 5:19:48 AM castle.NeutralCastle siegeTurn
INFO: Вы уничтожили охранника нейтрального замка: Мечник
мая 17, 2025 5:19:48 AM castle.NeutralCastle siegeTurn
INFO: Вы уничтожили охранника нейтрального замка: Арбалетчик
мая 17, 2025 5:19:48 AM castle.NeutralCastle capture
INFO: Вы захватили нейтральный замок!
мая 17, 2025 5:35:14 AM castle.NeutralCastle siegeTurn
INFO: Вы уничтожили охранника нейтрального замка: Копейщик
мая 17, 2025 5:35:14 AM castle.NeutralCastle siegeTurn
INFO: Вы уничтожили охранника нейтрального замка: Мечник
мая 17, 2025 5:35:14 AM castle.NeutralCastle siegeTurn
INFO: Вы уничтожили охранника нейтрального замка: Мечник
мая 17, 2025 5:35:14 AM castle.NeutralCastle siegeTurn
INFO: Охрана нейтрального замка полностью уничтожена!
мая 17, 2025 5:35:14 AM castle.NeutralCastle siegeTurn
INFO: Охрана нейтрального замка полностью уничтожена!
мая 17, 2025 5:35:14 AM castle.NeutralCastle siegeTurn
INFO: Вы уничтожили охранника нейтрального замка: Арбалетчик
мая 17, 2025 5:35:14 AM castle.NeutralCastle siegeTurn
INFO: Вы уничтожили охранника нейтрального замка: Арбалетчик
мая 17, 2025 5:35:14 AM castle.NeutralCastle siegeTurn
INFO: Вы уничтожили охранника нейтрального замка: Копейщик
мая 17, 2025 5:35:14 AM castle.NeutralCastle siegeTurn
INFO: Вы уничтожили охранника нейтрального замка: Копейщик
мая 17, 2025 5:35:14 AM castle.NeutralCastle siegeTurn
INFO: Вы уничтожили охранника нейтрального замка: Копейщик
мая 17, 2025 5:35:14 AM castle.NeutralCastle capture
INFO: Вы захватили нейтральный замок!
мая 17, 2025 5:57:58 AM castle.NeutralCastle siegeTurn
INFO: Вы уничтожили охранника нейтрального замка: Копейщик
мая 17, 2025 5:57:59 AM castle.NeutralCastle siegeTurn
INFO: Вы уничтожили охранника нейтрального замка: Копейщик
мая 17, 2025 5:57:59 AM castle.NeutralCastle siegeTurn
INFO: Вы уничтожили охранника нейтрального замка: Арбалетчик
мая 17, 2025 5:57:59 AM castle.NeutralCastle siegeTurn
INFO: Вы уничтожили охранника нейтрального замка: Мечник
мая 17, 2025 5:57:59 AM castle.NeutralCastle siegeTurn
INFO: Охрана нейтрального замка полностью уничтожена!
мая 17, 2025 5:57:59 AM castle.NeutralCastle siegeTurn
INFO: Вы уничтожили охранника нейтрального замка: Копейщик
мая 17, 2025 5:57:59 AM castle.NeutralCastle siegeTurn
INFO: Вы уничтожили охранника нейтрального замка: Копейщик
мая 17, 2025 5:57:59 AM castle.NeutralCastle siegeTurn
INFO: Вы уничтожили охранника нейтрального замка: Копейщик
мая 17, 2025 5:57:59 AM castle.NeutralCastle siegeTurn
INFO: Вы уничтожили охранника нейтрального замка: Мечник
мая 17, 2025 5:57:59 AM castle.NeutralCastle capture
INFO: Вы захватили нейтральный замок!
мая 17, 2025 5:59:32 AM castle.NeutralCastle siegeTurn
INFO: Вы уничтожили охранника нейтрального замка: Копейщик
мая 17, 2025 5:59:32 AM castle.NeutralCastle siegeTurn
INFO: Вы уничтожили охранника нейтрального замка: Копейщик
мая 17, 2025 5:59:32 AM castle.NeutralCastle siegeTurn
INFO: Вы уничтожили охранника нейтрального замка: Копейщик
мая 17, 2025 5:59:32 AM castle.NeutralCastle siegeTurn
INFO: Охрана нейтрального замка полностью уничтожена!
мая 17, 2025 5:59:32 AM castle.NeutralCastle siegeTurn
INFO: Охрана нейтрального замка полностью уничтожена!
мая 17, 2025 5:59:32 AM castle.NeutralCastle siegeTurn
INFO: Вы уничтожили охранника нейтрального замка: Копейщик
мая 17, 2025 5:59:32 AM castle.NeutralCastle siegeTurn
INFO: Вы уничтожили охранника нейтрального замка: Мечник
мая 17, 2025 5:59:32 AM castle.NeutralCastle siegeTurn
INFO: Вы уничтожили охранника нейтрального замка: Мечник
мая 17, 2025 5:59:32 AM castle.NeutralCastle capture
INFO: Вы захватили нейтральный замок!
мая 17, 2025 6:09:01 AM castle.NeutralCastle siegeTurn
INFO: Вы уничтожили охранника нейтрального замка: Арбалетчик
мая 17, 2025 6:09:01 AM castle.NeutralCastle siegeTurn
INFO: Вы уничтожили охранника нейтрального замка: Копейщик
мая 17, 2025 6:09:01 AM castle.NeutralCastle siegeTurn
INFO: Вы уничтожили охранника нейтрального замка: Мечник
мая 17, 2025 6:09:01 AM castle.NeutralCastle siegeTurn
INFO: Вы уничтожили охранника нейтрального замка: Мечник
мая 17, 2025 6:09:01 AM castle.NeutralCastle siegeTurn
INFO: Охрана нейтрального замка полностью уничтожена!
мая 17, 2025 6:09:01 AM castle.NeutralCastle siegeTurn
INFO: Вы уничтожили охранника нейтрального замка: Мечник
мая 17, 2025 6:09:01 AM castle.NeutralCastle siegeTurn
INFO: Вы уничтожили охранника нейтрального замка: Копейщик
мая 17, 2025 6:09:01 AM castle.NeutralCastle siegeTurn
INFO: Вы уничтожили охранника нейтрального замка: Мечник
мая 17, 2025 6:09:01 AM castle.NeutralCastle siegeTurn
INFO: Вы уничтожили охранника нейтрального замка: Копейщик
мая 17, 2025 6:09:01 AM castle.NeutralCastle siegeTurn
INFO: Вы уничтожили охранника нейтрального замка: Копейщик
мая 17, 2025 6:09:01 AM castle.NeutralCastle capture
INFO: Вы захватили нейтральный замок!
